Base path: C:/Program Files (x86)/unity4.6.4/Editor/Data
Pipe name: \\.\pipe\UnityShaderCompiler-1-7008
Cmd: getPlatforms
Cmd: preprocess
  insize=2415 outsize=2257 ok=1
Cmd: compileSnippet
  api=4 type=0 insize=6368 outsize=4232 kw=DIRECTIONAL SHADOWS_OFF LIGHTMAP_OFF DIRLIGHTMAP_OFF ok=1
Cmd: compileSnippet
  api=4 type=1 insize=6368 outsize=4630 kw=DIRECTIONAL SHADOWS_OFF LIGHTMAP_OFF DIRLIGHTMAP_OFF ok=1
Cmd: compileSnippet
  api=4 type=0 insize=4026 outsize=3882 kw=POINT ok=1
Cmd: compileSnippet
  api=4 type=1 insize=4026 outsize=4914 kw=POINT ok=1
Cmd: compileSnippet
  api=4 type=0 insize=3943 outsize=3167 kw= ok=1
Cmd: compileSnippet
  api=4 type=1 insize=3943 outsize=2867 kw= ok=1
Cmd: compileSnippet
  api=4 type=0 insize=5841 outsize=3135 kw=LIGHTMAP_OFF DIRLIGHTMAP_OFF HDR_LIGHT_PREPASS_OFF ok=1
Cmd: compileSnippet
  api=4 type=1 insize=5841 outsize=2964 kw=LIGHTMAP_OFF DIRLIGHTMAP_OFF HDR_LIGHT_PREPASS_OFF ok=1
Cmd: compileSnippet
  api=4 type=0 insize=3129 outsize=1648 kw=SHADOWS_DEPTH ok=1
Cmd: compileSnippet
  api=4 type=1 insize=3129 outsize=1258 kw=SHADOWS_DEPTH ok=1
Cmd: compileSnippet
  api=4 type=0 insize=4026 outsize=3102 kw=DIRECTIONAL ok=1
Cmd: compileSnippet
  api=4 type=1 insize=4026 outsize=4443 kw=DIRECTIONAL ok=1
