2015-06-08 09:47:37,432 - java.lang.RuntimeException: config attribute must be final, class: PlayerAttrCfg, field: level
org.hawk.config.HawkConfigStorage.setAttr(HawkConfigStorage.java:580)
org.hawk.config.HawkConfigStorage.loadCsvConfig(HawkConfigStorage.java:231)
org.hawk.config.HawkConfigStorage.<init>(HawkConfigStorage.java:110)
org.hawk.config.HawkConfigManager.init(HawkConfigManager.java:178)
org.hawk.app.HawkApp.init(HawkApp.java:238)
com.hawk.game.GsApp.init(GsApp.java:124)
com.hawk.game.GsMain.main(GsMain.java:22)

2015-06-08 10:21:53,947 - java.lang.Exception: config assemble failed: com.hawk.game.config.RewardCfg, keyIndex: 0
org.hawk.config.HawkConfigStorage.loadCsvConfig(HawkConfigStorage.java:260)
org.hawk.config.HawkConfigStorage.<init>(HawkConfigStorage.java:110)
org.hawk.config.HawkConfigManager.init(HawkConfigManager.java:178)
org.hawk.app.HawkApp.init(HawkApp.java:238)
com.hawk.game.GsApp.init(GsApp.java:124)
com.hawk.game.GsMain.main(GsMain.java:22)

2015-06-08 10:38:31,071 - java.lang.RuntimeException: increaseGold
com.hawk.game.player.Player.increaseGold(Player.java:443)
com.hawk.game.item.AwardItems.rewardTakeAffect(AwardItems.java:293)
com.hawk.game.module.PlayerItemModule.onItemUse(PlayerItemModule.java:197)
com.hawk.game.module.PlayerItemModule.onProtocol(PlayerItemModule.java:54)
org.hawk.app.HawkAppObj.onProtocol(HawkAppObj.java:201)
com.hawk.game.player.Player.onProtocol(Player.java:306)
org.hawk.app.HawkApp.dispatchProto(HawkApp.java:1104)
org.hawk.app.task.HawkProtoTask.run(HawkProtoTask.java:90)
org.hawk.thread.HawkThread.run(HawkThread.java:234)

2015-06-08 10:48:20,507 - java.lang.RuntimeException: increaseGold
com.hawk.game.player.Player.increaseGold(Player.java:443)
com.hawk.game.item.AwardItems.rewardTakeAffect(AwardItems.java:293)
com.hawk.game.module.PlayerItemModule.onItemUse(PlayerItemModule.java:197)
com.hawk.game.module.PlayerItemModule.onProtocol(PlayerItemModule.java:54)
org.hawk.app.HawkAppObj.onProtocol(HawkAppObj.java:201)
com.hawk.game.player.Player.onProtocol(Player.java:306)
org.hawk.app.HawkApp.dispatchProto(HawkApp.java:1104)
org.hawk.app.task.HawkProtoTask.run(HawkProtoTask.java:90)
org.hawk.thread.HawkThread.run(HawkThread.java:234)

2015-06-08 11:15:54,462 - java.lang.RuntimeException: increaseGold
com.hawk.game.player.Player.increaseGold(Player.java:443)
com.hawk.game.item.AwardItems.rewardTakeAffect(AwardItems.java:293)
com.hawk.game.module.PlayerItemModule.onItemUse(PlayerItemModule.java:197)
com.hawk.game.module.PlayerItemModule.onProtocol(PlayerItemModule.java:54)
org.hawk.app.HawkAppObj.onProtocol(HawkAppObj.java:201)
com.hawk.game.player.Player.onProtocol(Player.java:306)
org.hawk.app.HawkApp.dispatchProto(HawkApp.java:1104)
org.hawk.app.task.HawkProtoTask.run(HawkProtoTask.java:90)
org.hawk.thread.HawkThread.run(HawkThread.java:234)

2015-06-08 11:19:09,182 - java.net.BindException: Address already in use: bind
sun.nio.ch.Net.bind0(Native Method)
sun.nio.ch.Net.bind(Net.java:444)
sun.nio.ch.Net.bind(Net.java:436)
sun.nio.ch.ServerSocketChannelImpl.bind(ServerSocketChannelImpl.java:214)
sun.nio.ch.ServerSocketAdaptor.bind(ServerSocketAdaptor.java:74)
org.apache.mina.transport.socket.nio.NioSocketAcceptor.open(NioSocketAcceptor.java:198)
org.apache.mina.transport.socket.nio.NioSocketAcceptor.open(NioSocketAcceptor.java:51)
org.apache.mina.core.polling.AbstractPollingIoAcceptor.registerHandles(AbstractPollingIoAcceptor.java:547)
org.apache.mina.core.polling.AbstractPollingIoAcceptor.access$400(AbstractPollingIoAcceptor.java:68)
org.apache.mina.core.polling.AbstractPollingIoAcceptor$Acceptor.run(AbstractPollingIoAcceptor.java:422)
org.apache.mina.util.NamePreservingRunnable.run(NamePreservingRunnable.java:64)
java.util.concurrent.ThreadPoolExecutor.runWorker(ThreadPoolExecutor.java:1145)
java.util.concurrent.ThreadPoolExecutor$Worker.run(ThreadPoolExecutor.java:615)
java.lang.Thread.run(Thread.java:745)

2015-06-08 11:38:35,444 - java.net.BindException: Address already in use: bind
sun.nio.ch.Net.bind0(Native Method)
sun.nio.ch.Net.bind(Net.java:444)
sun.nio.ch.Net.bind(Net.java:436)
sun.nio.ch.ServerSocketChannelImpl.bind(ServerSocketChannelImpl.java:214)
sun.nio.ch.ServerSocketAdaptor.bind(ServerSocketAdaptor.java:74)
org.apache.mina.transport.socket.nio.NioSocketAcceptor.open(NioSocketAcceptor.java:198)
org.apache.mina.transport.socket.nio.NioSocketAcceptor.open(NioSocketAcceptor.java:51)
org.apache.mina.core.polling.AbstractPollingIoAcceptor.registerHandles(AbstractPollingIoAcceptor.java:547)
org.apache.mina.core.polling.AbstractPollingIoAcceptor.access$400(AbstractPollingIoAcceptor.java:68)
org.apache.mina.core.polling.AbstractPollingIoAcceptor$Acceptor.run(AbstractPollingIoAcceptor.java:422)
org.apache.mina.util.NamePreservingRunnable.run(NamePreservingRunnable.java:64)
java.util.concurrent.ThreadPoolExecutor.runWorker(ThreadPoolExecutor.java:1145)
java.util.concurrent.ThreadPoolExecutor$Worker.run(ThreadPoolExecutor.java:615)
java.lang.Thread.run(Thread.java:745)

2015-06-08 11:55:32,900 - java.net.BindException: Address already in use: bind
sun.nio.ch.Net.bind0(Native Method)
sun.nio.ch.Net.bind(Net.java:444)
sun.nio.ch.Net.bind(Net.java:436)
sun.nio.ch.ServerSocketChannelImpl.bind(ServerSocketChannelImpl.java:214)
sun.nio.ch.ServerSocketAdaptor.bind(ServerSocketAdaptor.java:74)
org.apache.mina.transport.socket.nio.NioSocketAcceptor.open(NioSocketAcceptor.java:198)
org.apache.mina.transport.socket.nio.NioSocketAcceptor.open(NioSocketAcceptor.java:51)
org.apache.mina.core.polling.AbstractPollingIoAcceptor.registerHandles(AbstractPollingIoAcceptor.java:547)
org.apache.mina.core.polling.AbstractPollingIoAcceptor.access$400(AbstractPollingIoAcceptor.java:68)
org.apache.mina.core.polling.AbstractPollingIoAcceptor$Acceptor.run(AbstractPollingIoAcceptor.java:422)
org.apache.mina.util.NamePreservingRunnable.run(NamePreservingRunnable.java:64)
java.util.concurrent.ThreadPoolExecutor.runWorker(ThreadPoolExecutor.java:1145)
java.util.concurrent.ThreadPoolExecutor$Worker.run(ThreadPoolExecutor.java:615)
java.lang.Thread.run(Thread.java:745)

2015-06-08 11:58:16,390 - java.net.BindException: Address already in use: bind
sun.nio.ch.Net.bind0(Native Method)
sun.nio.ch.Net.bind(Net.java:444)
sun.nio.ch.Net.bind(Net.java:436)
sun.nio.ch.ServerSocketChannelImpl.bind(ServerSocketChannelImpl.java:214)
sun.nio.ch.ServerSocketAdaptor.bind(ServerSocketAdaptor.java:74)
org.apache.mina.transport.socket.nio.NioSocketAcceptor.open(NioSocketAcceptor.java:198)
org.apache.mina.transport.socket.nio.NioSocketAcceptor.open(NioSocketAcceptor.java:51)
org.apache.mina.core.polling.AbstractPollingIoAcceptor.registerHandles(AbstractPollingIoAcceptor.java:547)
org.apache.mina.core.polling.AbstractPollingIoAcceptor.access$400(AbstractPollingIoAcceptor.java:68)
org.apache.mina.core.polling.AbstractPollingIoAcceptor$Acceptor.run(AbstractPollingIoAcceptor.java:422)
org.apache.mina.util.NamePreservingRunnable.run(NamePreservingRunnable.java:64)
java.util.concurrent.ThreadPoolExecutor.runWorker(ThreadPoolExecutor.java:1145)
java.util.concurrent.ThreadPoolExecutor$Worker.run(ThreadPoolExecutor.java:615)
java.lang.Thread.run(Thread.java:745)

2015-06-08 11:59:31,232 - com.google.protobuf.UninitializedMessageException: Message missing required fields: monsterId
com.google.protobuf.AbstractMessage$Builder.newUninitializedMessageException(AbstractMessage.java:770)
com.hawk.game.protocol.Monster$SynMonsterAttr$Builder.build(Monster.java:390)
com.hawk.game.protocol.Reward$HSRewardInfo$Builder.addMonstersAttr(Reward.java:2543)
com.hawk.game.item.AwardItems.rewardTakeAffect(AwardItems.java:353)
com.hawk.game.module.PlayerItemModule.onItemUse(PlayerItemModule.java:197)
com.hawk.game.module.PlayerItemModule.onProtocol(PlayerItemModule.java:54)
org.hawk.app.HawkAppObj.onProtocol(HawkAppObj.java:201)
com.hawk.game.player.Player.onProtocol(Player.java:306)
org.hawk.app.HawkApp.dispatchProto(HawkApp.java:1104)
org.hawk.app.task.HawkProtoTask.run(HawkProtoTask.java:90)
org.hawk.thread.HawkThread.run(HawkThread.java:234)

2015-06-08 12:11:30,414 - java.net.BindException: Address already in use: bind
sun.nio.ch.Net.bind0(Native Method)
sun.nio.ch.Net.bind(Net.java:444)
sun.nio.ch.Net.bind(Net.java:436)
sun.nio.ch.ServerSocketChannelImpl.bind(ServerSocketChannelImpl.java:214)
sun.nio.ch.ServerSocketAdaptor.bind(ServerSocketAdaptor.java:74)
org.apache.mina.transport.socket.nio.NioSocketAcceptor.open(NioSocketAcceptor.java:198)
org.apache.mina.transport.socket.nio.NioSocketAcceptor.open(NioSocketAcceptor.java:51)
org.apache.mina.core.polling.AbstractPollingIoAcceptor.registerHandles(AbstractPollingIoAcceptor.java:547)
org.apache.mina.core.polling.AbstractPollingIoAcceptor.access$400(AbstractPollingIoAcceptor.java:68)
org.apache.mina.core.polling.AbstractPollingIoAcceptor$Acceptor.run(AbstractPollingIoAcceptor.java:422)
org.apache.mina.util.NamePreservingRunnable.run(NamePreservingRunnable.java:64)
java.util.concurrent.ThreadPoolExecutor.runWorker(ThreadPoolExecutor.java:1145)
java.util.concurrent.ThreadPoolExecutor$Worker.run(ThreadPoolExecutor.java:615)
java.lang.Thread.run(Thread.java:745)

2015-06-08 12:12:01,872 - java.lang.NullPointerException
com.hawk.game.player.Player.increaseMonsterExp(Player.java:556)
com.hawk.game.item.AwardItems.rewardTakeAffect(AwardItems.java:346)
com.hawk.game.module.PlayerItemModule.onItemUse(PlayerItemModule.java:197)
com.hawk.game.module.PlayerItemModule.onProtocol(PlayerItemModule.java:54)
org.hawk.app.HawkAppObj.onProtocol(HawkAppObj.java:201)
com.hawk.game.player.Player.onProtocol(Player.java:306)
org.hawk.app.HawkApp.dispatchProto(HawkApp.java:1104)
org.hawk.app.task.HawkProtoTask.run(HawkProtoTask.java:90)
org.hawk.thread.HawkThread.run(HawkThread.java:234)

2015-06-08 12:13:40,046 - java.lang.NullPointerException
com.hawk.game.player.Player.increaseMonsterExp(Player.java:556)
com.hawk.game.item.AwardItems.rewardTakeAffect(AwardItems.java:346)
com.hawk.game.module.PlayerItemModule.onItemUse(PlayerItemModule.java:197)
com.hawk.game.module.PlayerItemModule.onProtocol(PlayerItemModule.java:54)
org.hawk.app.HawkAppObj.onProtocol(HawkAppObj.java:201)
com.hawk.game.player.Player.onProtocol(Player.java:306)
org.hawk.app.HawkApp.dispatchProto(HawkApp.java:1104)
org.hawk.app.task.HawkProtoTask.run(HawkProtoTask.java:90)
org.hawk.thread.HawkThread.run(HawkThread.java:234)

