2015-05-06 09:54:45,151 - load config: F:\rd\Server\ServerCode\hawkjava\GameServer\cfg/gs.cfg
2015-05-06 09:54:45,166 - Os: Windows 7, Arch: amd64, Version: 6.1
2015-05-06 09:54:45,166 - UserDir: F:\rd\Server\ServerCode\hawkjava\GameServer
2015-05-06 09:54:45,166 - JavaHome: D:\Program Files\Java\jdk1.7\jre
2015-05-06 09:54:45,229 - parse script/script.xml config
2015-05-06 09:54:45,229 - compile script, id: onshutdown, class: com.hawk.game.gm.ShutdownCallbackHandler
2015-05-06 09:54:45,634 - compile script, id: xmlcheck, class: com.hawk.game.gm.XmlReloadHandler
2015-05-06 09:54:45,667 - compile script, id: sysop, class: com.hawk.game.gm.SysOperationHandler
2015-05-06 09:54:45,713 - zmqversion: 4.0.4
2015-05-06 09:54:45,729 - init config package: com.hawk.game.config
2015-05-06 09:54:45,729 - load config: F:\rd\Server\ServerCode\hawkjava\GameServer\xml/grayPuid.xml
2015-05-06 09:54:45,729 - load config: F:\rd\Server\ServerCode\hawkjava\GameServer\xml/item_reward_data.xml
2015-05-06 09:54:45,729 - load config: F:\rd\Server\ServerCode\hawkjava\GameServer\xml/item_reward_nest.xml
2015-05-06 09:54:45,745 - load config: F:\rd\Server\ServerCode\hawkjava\GameServer\xml/monsterAttr.xml
2015-05-06 09:54:45,776 - load config: F:\rd\Server\ServerCode\hawkjava\GameServer\xml/monsterGrade.xml
2015-05-06 09:54:45,807 - load config: F:\rd\Server\ServerCode\hawkjava\GameServer\xml/sysBasic.cfg
2015-05-06 09:54:45,869 - start msgExecutor, threadNum: 4
2015-05-06 09:54:45,932 - start taskExecutor, threadNum: 4
2015-05-06 09:54:46,088 - init entity package: com.hawk.game.entity
2015-05-06 09:54:46,088 - scan database entity: ItemEntity
2015-05-06 09:54:46,088 - scan database entity: MonsterEntity
2015-05-06 09:54:46,088 - scan database entity: PlayerEntity
2015-05-06 09:54:46,088 - scan database entity: RoleEntity
2015-05-06 09:54:46,696 - init database, connUrl: jdbc:mysql://192.168.199.122:3306/game, userName: gs, pwd: C45D79, hbmXml: cfg/db.xml
2015-05-06 09:54:46,757 - start dbExecutor, threadNum: 4
2015-05-06 09:54:46,758 - init server data......
2015-05-06 09:54:46,758 - load player count from db......
2015-05-06 09:54:46,888 - dbmanager.count timeout, hql: select count(*) from PlayerEntity, costtime: 130
2015-05-06 09:54:46,888 - load puid and playerId from db......
2015-05-06 09:54:46,904 - load nickname and playerId from db......
2015-05-06 09:54:46,907 - install email service......
2015-05-06 09:54:46,968 - start network, port: 9595
2015-05-06 09:54:46,968 - server running......
