Base path: C:/Program Files (x86)/unity4.6.4/Editor/Data
Pipe name: \\.\pipe\UnityShaderCompiler-1-9968
Cmd: getPlatforms
Cmd: preprocess
  insize=1899 outsize=902 ok=1
Cmd: compileSnippet
  api=4 type=0 insize=1298 outsize=1274 kw=SOFTPARTICLES_OFF ok=1
Cmd: compileSnippet
  api=4 type=1 insize=1298 outsize=1428 kw=SOFTPARTICLES_OFF ok=1
Cmd: preprocess
  insize=953 outsize=1134 ok=1
Cmd: compileSnippet
  api=4 type=0 insize=4480 outsize=2875 kw=DIRECTIONAL LIGHTMAP_OFF DIRLIGHTMAP_OFF ok=1
Cmd: compileSnippet
  api=4 type=1 insize=4480 outsize=1412 kw=DIRECTIONAL LIGHTMAP_OFF DIRLIGHTMAP_OFF ok=1
Cmd: compileSnippet
  api=4 type=0 insize=2509 outsize=2867 kw=POINT ok=1
Cmd: compileSnippet
  api=4 type=1 insize=2509 outsize=1242 kw=POINT ok=1
Cmd: preprocess
  insize=1857 outsize=1261 ok=1
Cmd: compileSnippet
  api=4 type=0 insize=5861 outsize=4020 kw=DIRECTIONAL LIGHTMAP_OFF DIRLIGHTMAP_OFF ok=1
Cmd: compileSnippet
  api=4 type=1 insize=5861 outsize=2176 kw=DIRECTIONAL LIGHTMAP_OFF DIRLIGHTMAP_OFF ok=1
Cmd: compileSnippet
  api=4 type=0 insize=3531 outsize=3508 kw=POINT ok=1
Cmd: compileSnippet
  api=4 type=1 insize=3531 outsize=1112 kw=POINT ok=1
Cmd: compileSnippet
  api=4 type=0 insize=2509 outsize=2119 kw=DIRECTIONAL ok=1
Cmd: compileSnippet
  api=4 type=1 insize=2509 outsize=1193 kw=DIRECTIONAL ok=1
